leaks Report Version:  2.0
Process:         leaks [28611]
Path:            /Users/daniel/sandbox/c++/leaks/leaks
Load Address:    0x100000000
Identifier:      leaks
Version:         ??? (???)
Code Type:       X86-64 (Native)
Parent Process:  bash [24570]

Date/Time:       2011-01-19 16:50:44.408 +1000
OS Version:      Mac OS X 10.6.6 (10J567)
Report Version:  6

Process 28611: 51 nodes malloced for 197 KB
Process 28611: 46 leaks for 188416 total leaked bytes.
Leak: 0x100802000  size=4096  zone: DefaultMallocZone_0x100005000	
	0xacacacac 0xacacacac 0xacacacac 0xacacacac 	................
	0xacacacac 0xacacacac 0xacacacac 0xacacacac 	................
	0xacacacac 0xacacacac 0xacacacac 0xacacacac 	................
	0xacacacac 0xacacacac 0xacacacac 0xacacacac 	................
	0xacacacac 0xacacacac 0xacacacac 0xacacacac 	................
	0xacacacac 0xacacacac 0xacacacac 0xacacacac 	................
	0xacacacac 0xacacacac 0xacacacac 0xacacacac 	................
	0xacacacac 0xacacacac 0xacacacac 0xacacacac 	................
	...
Leak: 0x100803000  size=4096  zone: DefaultMallocZone_0x100005000	
	0xacacacac 0xacacacac 0xacacacac 0xacacacac 	................
	0xacacacac 0xacacacac 0xacacacac 0xacacacac 	................
	0xacacacac 0xacacacac 0xacacacac 0xacacacac 	................
	0xacacacac 0xacacacac 0xacacacac 0xacacacac 	................
	0xacacacac 0xacacacac 0xacacacac 0xacacacac 	................
	0xacacacac 0xacacacac 0xacacacac 0xacacacac 	................
	0xacacacac 0xacacacac 0xacacacac 0xacacacac 	................
	0xacacacac 0xacacacac 0xacacacac 0xacacacac 	................
	...
Leak: 0x100804000  size=4096  zone: DefaultMallocZone_0x100005000	
	0xacacacac 0xacacacac 0xacacacac 0xacacacac 	................
	0xacacacac 0xacacacac 0xacacacac 0xacacacac 	................
	0xacacacac 0xacacacac 0xacacacac 0xacacacac 	................
	0xacacacac 0xacacacac 0xacacacac 0xacacacac 	................
	0xacacacac 0xacacacac 0xacacacac 0xacacacac 	................
	0xacacacac 0xacacacac 0xacacacac 0xacacacac 	................
	0xacacacac 0xacacacac 0xacacacac 0xacacacac 	................
	0xacacacac 0xacacacac 0xacacacac 0xacacacac 	................
	...
Leak: 0x100805000  size=4096  zone: DefaultMallocZone_0x100005000	
	0xacacacac 0xacacacac 0xacacacac 0xacacacac 	................
	0xacacacac 0xacacacac 0xacacacac 0xacacacac 	................
	0xacacacac 0xacacacac 0xacacacac 0xacacacac 	................
	0xacacacac 0xacacacac 0xacacacac 0xacacacac 	................
	0xacacacac 0xacacacac 0xacacacac 0xacacacac 	................
	0xacacacac 0xacacacac 0xacacacac 0xacacacac 	................
	0xacacacac 0xacacacac 0xacacacac 0xacacacac 	................
	0xacacacac 0xacacacac 0xacacacac 0xacacacac 	................
	...
Leak: 0x100806000  size=4096  zone: DefaultMallocZone_0x100005000	
	0xacacacac 0xacacacac 0xacacacac 0xacacacac 	................
	0xacacacac 0xacacacac 0xacacacac 0xacacacac 	................
	0xacacacac 0xacacacac 0xacacacac 0xacacacac 	................
	0xacacacac 0xacacacac 0xacacacac 0xacacacac 	................
	0xacacacac 0xacacacac 0xacacacac 0xacacacac 	................
	0xacacacac 0xacacacac 0xacacacac 0xacacacac 	................
	0xacacacac 0xacacacac 0xacacacac 0xacacacac 	................
	0xacacacac 0xacacacac 0xacacacac 0xacacacac 	................
	...
Leak: 0x100807000  size=4096  zone: DefaultMallocZone_0x100005000	
	0xacacacac 0xacacacac 0xacacacac 0xacacacac 	................
	0xacacacac 0xacacacac 0xacacacac 0xacacacac 	................
	0xacacacac 0xacacacac 0xacacacac 0xacacacac 	................
	0xacacacac 0xacacacac 0xacacacac 0xacacacac 	................
	0xacacacac 0xacacacac 0xacacacac 0xacacacac 	................
	0xacacacac 0xacacacac 0xacacacac 0xacacacac 	................
	0xacacacac 0xacacacac 0xacacacac 0xacacacac 	................
	0xacacacac 0xacacacac 0xacacacac 0xacacacac 	................
	...
Leak: 0x100808000  size=4096  zone: DefaultMallocZone_0x100005000	
	0xacacacac 0xacacacac 0xacacacac 0xacacacac 	................
	0xacacacac 0xacacacac 0xacacacac 0xacacacac 	................
	0xacacacac 0xacacacac 0xacacacac 0xacacacac 	................
	0xacacacac 0xacacacac 0xacacacac 0xacacacac 	................
	0xacacacac 0xacacacac 0xacacacac 0xacacacac 	................
	0xacacacac 0xacacacac 0xacacacac 0xacacacac 	................
	0xacacacac 0xacacacac 0xacacacac 0xacacacac 	................
	0xacacacac 0xacacacac 0xacacacac 0xacacacac 	................
	...
Leak: 0x100809000  size=4096  zone: DefaultMallocZone_0x100005000	
	0xacacacac 0xacacacac 0xacacacac 0xacacacac 	................
	0xacacacac 0xacacacac 0xacacacac 0xacacacac 	................
	0xacacacac 0xacacacac 0xacacacac 0xacacacac 	................
	0xacacacac 0xacacacac 0xacacacac 0xacacacac 	................
	0xacacacac 0xacacacac 0xacacacac 0xacacacac 	................
	0xacacacac 0xacacacac 0xacacacac 0xacacacac 	................
	0xacacacac 0xacacacac 0xacacacac 0xacacacac 	................
	0xacacacac 0xacacacac 0xacacacac 0xacacacac 	................
	...
Leak: 0x10080a000  size=4096  zone: DefaultMallocZone_0x100005000	
	0xacacacac 0xacacacac 0xacacacac 0xacacacac 	................
	0xacacacac 0xacacacac 0xacacacac 0xacacacac 	................
	0xacacacac 0xacacacac 0xacacacac 0xacacacac 	................
	0xacacacac 0xacacacac 0xacacacac 0xacacacac 	................
	0xacacacac 0xacacacac 0xacacacac 0xacacacac 	................
	0xacacacac 0xacacacac 0xacacacac 0xacacacac 	................
	0xacacacac 0xacacacac 0xacacacac 0xacacacac 	................
	0xacacacac 0xacacacac 0xacacacac 0xacacacac 	................
	...
Leak: 0x10080b000  size=4096  zone: DefaultMallocZone_0x100005000	
	0xacacacac 0xacacacac 0xacacacac 0xacacacac 	................
	0xacacacac 0xacacacac 0xacacacac 0xacacacac 	................
	0xacacacac 0xacacacac 0xacacacac 0xacacacac 	................
	0xacacacac 0xacacacac 0xacacacac 0xacacacac 	................
	0xacacacac 0xacacacac 0xacacacac 0xacacacac 	................
	0xacacacac 0xacacacac 0xacacacac 0xacacacac 	................
	0xacacacac 0xacacacac 0xacacacac 0xacacacac 	................
	0xacacacac 0xacacacac 0xacacacac 0xacacacac 	................
	...
Leak: 0x10080c000  size=4096  zone: DefaultMallocZone_0x100005000	
	0xacacacac 0xacacacac 0xacacacac 0xacacacac 	................
	0xacacacac 0xacacacac 0xacacacac 0xacacacac 	................
	0xacacacac 0xacacacac 0xacacacac 0xacacacac 	................
	0xacacacac 0xacacacac 0xacacacac 0xacacacac 	................
	0xacacacac 0xacacacac 0xacacacac 0xacacacac 	................
	0xacacacac 0xacacacac 0xacacacac 0xacacacac 	................
	0xacacacac 0xacacacac 0xacacacac 0xacacacac 	................
	0xacacacac 0xacacacac 0xacacacac 0xacacacac 	................
	...
Leak: 0x10080d000  size=4096  zone: DefaultMallocZone_0x100005000	
	0xacacacac 0xacacacac 0xacacacac 0xacacacac 	................
	0xacacacac 0xacacacac 0xacacacac 0xacacacac 	................
	0xacacacac 0xacacacac 0xacacacac 0xacacacac 	................
	0xacacacac 0xacacacac 0xacacacac 0xacacacac 	................
	0xacacacac 0xacacacac 0xacacacac 0xacacacac 	................
	0xacacacac 0xacacacac 0xacacacac 0xacacacac 	................
	0xacacacac 0xacacacac 0xacacacac 0xacacacac 	................
	0xacacacac 0xacacacac 0xacacacac 0xacacacac 	................
	...
Leak: 0x10080e000  size=4096  zone: DefaultMallocZone_0x100005000	
	0xacacacac 0xacacacac 0xacacacac 0xacacacac 	................
	0xacacacac 0xacacacac 0xacacacac 0xacacacac 	................
	0xacacacac 0xacacacac 0xacacacac 0xacacacac 	................
	0xacacacac 0xacacacac 0xacacacac 0xacacacac 	................
	0xacacacac 0xacacacac 0xacacacac 0xacacacac 	................
	0xacacacac 0xacacacac 0xacacacac 0xacacacac 	................
	0xacacacac 0xacacacac 0xacacacac 0xacacacac 	................
	0xacacacac 0xacacacac 0xacacacac 0xacacacac 	................
	...
Leak: 0x10080f000  size=4096  zone: DefaultMallocZone_0x100005000	
	0xacacacac 0xacacacac 0xacacacac 0xacacacac 	................
	0xacacacac 0xacacacac 0xacacacac 0xacacacac 	................
	0xacacacac 0xacacacac 0xacacacac 0xacacacac 	................
	0xacacacac 0xacacacac 0xacacacac 0xacacacac 	................
	0xacacacac 0xacacacac 0xacacacac 0xacacacac 	................
	0xacacacac 0xacacacac 0xacacacac 0xacacacac 	................
	0xacacacac 0xacacacac 0xacacacac 0xacacacac 	................
	0xacacacac 0xacacacac 0xacacacac 0xacacacac 	................
	...
Leak: 0x100810000  size=4096  zone: DefaultMallocZone_0x100005000	
	0xacacacac 0xacacacac 0xacacacac 0xacacacac 	................
	0xacacacac 0xacacacac 0xacacacac 0xacacacac 	................
	0xacacacac 0xacacacac 0xacacacac 0xacacacac 	................
	0xacacacac 0xacacacac 0xacacacac 0xacacacac 	................
	0xacacacac 0xacacacac 0xacacacac 0xacacacac 	................
	0xacacacac 0xacacacac 0xacacacac 0xacacacac 	................
	0xacacacac 0xacacacac 0xacacacac 0xacacacac 	................
	0xacacacac 0xacacacac 0xacacacac 0xacacacac 	................
	...
Leak: 0x100811000  size=4096  zone: DefaultMallocZone_0x100005000	
	0xacacacac 0xacacacac 0xacacacac 0xacacacac 	................
	0xacacacac 0xacacacac 0xacacacac 0xacacacac 	................
	0xacacacac 0xacacacac 0xacacacac 0xacacacac 	................
	0xacacacac 0xacacacac 0xacacacac 0xacacacac 	................
	0xacacacac 0xacacacac 0xacacacac 0xacacacac 	................
	0xacacacac 0xacacacac 0xacacacac 0xacacacac 	................
	0xacacacac 0xacacacac 0xacacacac 0xacacacac 	................
	0xacacacac 0xacacacac 0xacacacac 0xacacacac 	................
	...
Leak: 0x100812000  size=4096  zone: DefaultMallocZone_0x100005000	
	0xacacacac 0xacacacac 0xacacacac 0xacacacac 	................
	0xacacacac 0xacacacac 0xacacacac 0xacacacac 	................
	0xacacacac 0xacacacac 0xacacacac 0xacacacac 	................
	0xacacacac 0xacacacac 0xacacacac 0xacacacac 	................
	0xacacacac 0xacacacac 0xacacacac 0xacacacac 	................
	0xacacacac 0xacacacac 0xacacacac 0xacacacac 	................
	0xacacacac 0xacacacac 0xacacacac 0xacacacac 	................
	0xacacacac 0xacacacac 0xacacacac 0xacacacac 	................
	...
Leak: 0x100813000  size=4096  zone: DefaultMallocZone_0x100005000	
	0xacacacac 0xacacacac 0xacacacac 0xacacacac 	................
	0xacacacac 0xacacacac 0xacacacac 0xacacacac 	................
	0xacacacac 0xacacacac 0xacacacac 0xacacacac 	................
	0xacacacac 0xacacacac 0xacacacac 0xacacacac 	................
	0xacacacac 0xacacacac 0xacacacac 0xacacacac 	................
	0xacacacac 0xacacacac 0xacacacac 0xacacacac 	................
	0xacacacac 0xacacacac 0xacacacac 0xacacacac 	................
	0xacacacac 0xacacacac 0xacacacac 0xacacacac 	................
	...
Leak: 0x100814000  size=4096  zone: DefaultMallocZone_0x100005000	
	0xacacacac 0xacacacac 0xacacacac 0xacacacac 	................
	0xacacacac 0xacacacac 0xacacacac 0xacacacac 	................
	0xacacacac 0xacacacac 0xacacacac 0xacacacac 	................
	0xacacacac 0xacacacac 0xacacacac 0xacacacac 	................
	0xacacacac 0xacacacac 0xacacacac 0xacacacac 	................
	0xacacacac 0xacacacac 0xacacacac 0xacacacac 	................
	0xacacacac 0xacacacac 0xacacacac 0xacacacac 	................
	0xacacacac 0xacacacac 0xacacacac 0xacacacac 	................
	...
Leak: 0x100815000  size=4096  zone: DefaultMallocZone_0x100005000	
	0xacacacac 0xacacacac 0xacacacac 0xacacacac 	................
	0xacacacac 0xacacacac 0xacacacac 0xacacacac 	................
	0xacacacac 0xacacacac 0xacacacac 0xacacacac 	................
	0xacacacac 0xacacacac 0xacacacac 0xacacacac 	................
	0xacacacac 0xacacacac 0xacacacac 0xacacacac 	................
	0xacacacac 0xacacacac 0xacacacac 0xacacacac 	................
	0xacacacac 0xacacacac 0xacacacac 0xacacacac 	................
	0xacacacac 0xacacacac 0xacacacac 0xacacacac 	................
	...
Leak: 0x100816000  size=4096  zone: DefaultMallocZone_0x100005000	
	0xacacacac 0xacacacac 0xacacacac 0xacacacac 	................
	0xacacacac 0xacacacac 0xacacacac 0xacacacac 	................
	0xacacacac 0xacacacac 0xacacacac 0xacacacac 	................
	0xacacacac 0xacacacac 0xacacacac 0xacacacac 	................
	0xacacacac 0xacacacac 0xacacacac 0xacacacac 	................
	0xacacacac 0xacacacac 0xacacacac 0xacacacac 	................
	0xacacacac 0xacacacac 0xacacacac 0xacacacac 	................
	0xacacacac 0xacacacac 0xacacacac 0xacacacac 	................
	...
Leak: 0x100817000  size=4096  zone: DefaultMallocZone_0x100005000	
	0xacacacac 0xacacacac 0xacacacac 0xacacacac 	................
	0xacacacac 0xacacacac 0xacacacac 0xacacacac 	................
	0xacacacac 0xacacacac 0xacacacac 0xacacacac 	................
	0xacacacac 0xacacacac 0xacacacac 0xacacacac 	................
	0xacacacac 0xacacacac 0xacacacac 0xacacacac 	................
	0xacacacac 0xacacacac 0xacacacac 0xacacacac 	................
	0xacacacac 0xacacacac 0xacacacac 0xacacacac 	................
	0xacacacac 0xacacacac 0xacacacac 0xacacacac 	................
	...
Leak: 0x100818000  size=4096  zone: DefaultMallocZone_0x100005000	
	0xacacacac 0xacacacac 0xacacacac 0xacacacac 	................
	0xacacacac 0xacacacac 0xacacacac 0xacacacac 	................
	0xacacacac 0xacacacac 0xacacacac 0xacacacac 	................
	0xacacacac 0xacacacac 0xacacacac 0xacacacac 	................
	0xacacacac 0xacacacac 0xacacacac 0xacacacac 	................
	0xacacacac 0xacacacac 0xacacacac 0xacacacac 	................
	0xacacacac 0xacacacac 0xacacacac 0xacacacac 	................
	0xacacacac 0xacacacac 0xacacacac 0xacacacac 	................
	...
Leak: 0x100819000  size=4096  zone: DefaultMallocZone_0x100005000	
	0xacacacac 0xacacacac 0xacacacac 0xacacacac 	................
	0xacacacac 0xacacacac 0xacacacac 0xacacacac 	................
	0xacacacac 0xacacacac 0xacacacac 0xacacacac 	................
	0xacacacac 0xacacacac 0xacacacac 0xacacacac 	................
	0xacacacac 0xacacacac 0xacacacac 0xacacacac 	................
	0xacacacac 0xacacacac 0xacacacac 0xacacacac 	................
	0xacacacac 0xacacacac 0xacacacac 0xacacacac 	................
	0xacacacac 0xacacacac 0xacacacac 0xacacacac 	................
	...
Leak: 0x10081a000  size=4096  zone: DefaultMallocZone_0x100005000	
	0xacacacac 0xacacacac 0xacacacac 0xacacacac 	................
	0xacacacac 0xacacacac 0xacacacac 0xacacacac 	................
	0xacacacac 0xacacacac 0xacacacac 0xacacacac 	................
	0xacacacac 0xacacacac 0xacacacac 0xacacacac 	................
	0xacacacac 0xacacacac 0xacacacac 0xacacacac 	................
	0xacacacac 0xacacacac 0xacacacac 0xacacacac 	................
	0xacacacac 0xacacacac 0xacacacac 0xacacacac 	................
	0xacacacac 0xacacacac 0xacacacac 0xacacacac 	................
	...
Leak: 0x10081b000  size=4096  zone: DefaultMallocZone_0x100005000	
	0xacacacac 0xacacacac 0xacacacac 0xacacacac 	................
	0xacacacac 0xacacacac 0xacacacac 0xacacacac 	................
	0xacacacac 0xacacacac 0xacacacac 0xacacacac 	................
	0xacacacac 0xacacacac 0xacacacac 0xacacacac 	................
	0xacacacac 0xacacacac 0xacacacac 0xacacacac 	................
	0xacacacac 0xacacacac 0xacacacac 0xacacacac 	................
	0xacacacac 0xacacacac 0xacacacac 0xacacacac 	................
	0xacacacac 0xacacacac 0xacacacac 0xacacacac 	................
	...
Leak: 0x10081c000  size=4096  zone: DefaultMallocZone_0x100005000	
	0xacacacac 0xacacacac 0xacacacac 0xacacacac 	................
	0xacacacac 0xacacacac 0xacacacac 0xacacacac 	................
	0xacacacac 0xacacacac 0xacacacac 0xacacacac 	................
	0xacacacac 0xacacacac 0xacacacac 0xacacacac 	................
	0xacacacac 0xacacacac 0xacacacac 0xacacacac 	................
	0xacacacac 0xacacacac 0xacacacac 0xacacacac 	................
	0xacacacac 0xacacacac 0xacacacac 0xacacacac 	................
	0xacacacac 0xacacacac 0xacacacac 0xacacacac 	................
	...
Leak: 0x10081d000  size=4096  zone: DefaultMallocZone_0x100005000	
	0xacacacac 0xacacacac 0xacacacac 0xacacacac 	................
	0xacacacac 0xacacacac 0xacacacac 0xacacacac 	................
	0xacacacac 0xacacacac 0xacacacac 0xacacacac 	................
	0xacacacac 0xacacacac 0xacacacac 0xacacacac 	................
	0xacacacac 0xacacacac 0xacacacac 0xacacacac 	................
	0xacacacac 0xacacacac 0xacacacac 0xacacacac 	................
	0xacacacac 0xacacacac 0xacacacac 0xacacacac 	................
	0xacacacac 0xacacacac 0xacacacac 0xacacacac 	................
	...
Leak: 0x10081e000  size=4096  zone: DefaultMallocZone_0x100005000	
	0xacacacac 0xacacacac 0xacacacac 0xacacacac 	................
	0xacacacac 0xacacacac 0xacacacac 0xacacacac 	................
	0xacacacac 0xacacacac 0xacacacac 0xacacacac 	................
	0xacacacac 0xacacacac 0xacacacac 0xacacacac 	................
	0xacacacac 0xacacacac 0xacacacac 0xacacacac 	................
	0xacacacac 0xacacacac 0xacacacac 0xacacacac 	................
	0xacacacac 0xacacacac 0xacacacac 0xacacacac 	................
	0xacacacac 0xacacacac 0xacacacac 0xacacacac 	................
	...
Leak: 0x10081f000  size=4096  zone: DefaultMallocZone_0x100005000	
	0xacacacac 0xacacacac 0xacacacac 0xacacacac 	................
	0xacacacac 0xacacacac 0xacacacac 0xacacacac 	................
	0xacacacac 0xacacacac 0xacacacac 0xacacacac 	................
	0xacacacac 0xacacacac 0xacacacac 0xacacacac 	................
	0xacacacac 0xacacacac 0xacacacac 0xacacacac 	................
	0xacacacac 0xacacacac 0xacacacac 0xacacacac 	................
	0xacacacac 0xacacacac 0xacacacac 0xacacacac 	................
	0xacacacac 0xacacacac 0xacacacac 0xacacacac 	................
	...
Leak: 0x100820000  size=4096  zone: DefaultMallocZone_0x100005000	
	0xacacacac 0xacacacac 0xacacacac 0xacacacac 	................
	0xacacacac 0xacacacac 0xacacacac 0xacacacac 	................
	0xacacacac 0xacacacac 0xacacacac 0xacacacac 	................
	0xacacacac 0xacacacac 0xacacacac 0xacacacac 	................
	0xacacacac 0xacacacac 0xacacacac 0xacacacac 	................
	0xacacacac 0xacacacac 0xacacacac 0xacacacac 	................
	0xacacacac 0xacacacac 0xacacacac 0xacacacac 	................
	0xacacacac 0xacacacac 0xacacacac 0xacacacac 	................
	...
Leak: 0x100821000  size=4096  zone: DefaultMallocZone_0x100005000	
	0xacacacac 0xacacacac 0xacacacac 0xacacacac 	................
	0xacacacac 0xacacacac 0xacacacac 0xacacacac 	................
	0xacacacac 0xacacacac 0xacacacac 0xacacacac 	................
	0xacacacac 0xacacacac 0xacacacac 0xacacacac 	................
	0xacacacac 0xacacacac 0xacacacac 0xacacacac 	................
	0xacacacac 0xacacacac 0xacacacac 0xacacacac 	................
	0xacacacac 0xacacacac 0xacacacac 0xacacacac 	................
	0xacacacac 0xacacacac 0xacacacac 0xacacacac 	................
	...
Leak: 0x100822000  size=4096  zone: DefaultMallocZone_0x100005000	
	0xacacacac 0xacacacac 0xacacacac 0xacacacac 	................
	0xacacacac 0xacacacac 0xacacacac 0xacacacac 	................
	0xacacacac 0xacacacac 0xacacacac 0xacacacac 	................
	0xacacacac 0xacacacac 0xacacacac 0xacacacac 	................
	0xacacacac 0xacacacac 0xacacacac 0xacacacac 	................
	0xacacacac 0xacacacac 0xacacacac 0xacacacac 	................
	0xacacacac 0xacacacac 0xacacacac 0xacacacac 	................
	0xacacacac 0xacacacac 0xacacacac 0xacacacac 	................
	...
Leak: 0x100823000  size=4096  zone: DefaultMallocZone_0x100005000	
	0xacacacac 0xacacacac 0xacacacac 0xacacacac 	................
	0xacacacac 0xacacacac 0xacacacac 0xacacacac 	................
	0xacacacac 0xacacacac 0xacacacac 0xacacacac 	................
	0xacacacac 0xacacacac 0xacacacac 0xacacacac 	................
	0xacacacac 0xacacacac 0xacacacac 0xacacacac 	................
	0xacacacac 0xacacacac 0xacacacac 0xacacacac 	................
	0xacacacac 0xacacacac 0xacacacac 0xacacacac 	................
	0xacacacac 0xacacacac 0xacacacac 0xacacacac 	................
	...
Leak: 0x100824000  size=4096  zone: DefaultMallocZone_0x100005000	
	0xacacacac 0xacacacac 0xacacacac 0xacacacac 	................
	0xacacacac 0xacacacac 0xacacacac 0xacacacac 	................
	0xacacacac 0xacacacac 0xacacacac 0xacacacac 	................
	0xacacacac 0xacacacac 0xacacacac 0xacacacac 	................
	0xacacacac 0xacacacac 0xacacacac 0xacacacac 	................
	0xacacacac 0xacacacac 0xacacacac 0xacacacac 	................
	0xacacacac 0xacacacac 0xacacacac 0xacacacac 	................
	0xacacacac 0xacacacac 0xacacacac 0xacacacac 	................
	...
Leak: 0x100825000  size=4096  zone: DefaultMallocZone_0x100005000	
	0xacacacac 0xacacacac 0xacacacac 0xacacacac 	................
	0xacacacac 0xacacacac 0xacacacac 0xacacacac 	................
	0xacacacac 0xacacacac 0xacacacac 0xacacacac 	................
	0xacacacac 0xacacacac 0xacacacac 0xacacacac 	................
	0xacacacac 0xacacacac 0xacacacac 0xacacacac 	................
	0xacacacac 0xacacacac 0xacacacac 0xacacacac 	................
	0xacacacac 0xacacacac 0xacacacac 0xacacacac 	................
	0xacacacac 0xacacacac 0xacacacac 0xacacacac 	................
	...
Leak: 0x100826000  size=4096  zone: DefaultMallocZone_0x100005000	
	0xacacacac 0xacacacac 0xacacacac 0xacacacac 	................
	0xacacacac 0xacacacac 0xacacacac 0xacacacac 	................
	0xacacacac 0xacacacac 0xacacacac 0xacacacac 	................
	0xacacacac 0xacacacac 0xacacacac 0xacacacac 	................
	0xacacacac 0xacacacac 0xacacacac 0xacacacac 	................
	0xacacacac 0xacacacac 0xacacacac 0xacacacac 	................
	0xacacacac 0xacacacac 0xacacacac 0xacacacac 	................
	0xacacacac 0xacacacac 0xacacacac 0xacacacac 	................
	...
Leak: 0x100827000  size=4096  zone: DefaultMallocZone_0x100005000	
	0xacacacac 0xacacacac 0xacacacac 0xacacacac 	................
	0xacacacac 0xacacacac 0xacacacac 0xacacacac 	................
	0xacacacac 0xacacacac 0xacacacac 0xacacacac 	................
	0xacacacac 0xacacacac 0xacacacac 0xacacacac 	................
	0xacacacac 0xacacacac 0xacacacac 0xacacacac 	................
	0xacacacac 0xacacacac 0xacacacac 0xacacacac 	................
	0xacacacac 0xacacacac 0xacacacac 0xacacacac 	................
	0xacacacac 0xacacacac 0xacacacac 0xacacacac 	................
	...
Leak: 0x100828000  size=4096  zone: DefaultMallocZone_0x100005000	
	0xacacacac 0xacacacac 0xacacacac 0xacacacac 	................
	0xacacacac 0xacacacac 0xacacacac 0xacacacac 	................
	0xacacacac 0xacacacac 0xacacacac 0xacacacac 	................
	0xacacacac 0xacacacac 0xacacacac 0xacacacac 	................
	0xacacacac 0xacacacac 0xacacacac 0xacacacac 	................
	0xacacacac 0xacacacac 0xacacacac 0xacacacac 	................
	0xacacacac 0xacacacac 0xacacacac 0xacacacac 	................
	0xacacacac 0xacacacac 0xacacacac 0xacacacac 	................
	...
Leak: 0x100829000  size=4096  zone: DefaultMallocZone_0x100005000	
	0xacacacac 0xacacacac 0xacacacac 0xacacacac 	................
	0xacacacac 0xacacacac 0xacacacac 0xacacacac 	................
	0xacacacac 0xacacacac 0xacacacac 0xacacacac 	................
	0xacacacac 0xacacacac 0xacacacac 0xacacacac 	................
	0xacacacac 0xacacacac 0xacacacac 0xacacacac 	................
	0xacacacac 0xacacacac 0xacacacac 0xacacacac 	................
	0xacacacac 0xacacacac 0xacacacac 0xacacacac 	................
	0xacacacac 0xacacacac 0xacacacac 0xacacacac 	................
	...
Leak: 0x10082a000  size=4096  zone: DefaultMallocZone_0x100005000	
	0xacacacac 0xacacacac 0xacacacac 0xacacacac 	................
	0xacacacac 0xacacacac 0xacacacac 0xacacacac 	................
	0xacacacac 0xacacacac 0xacacacac 0xacacacac 	................
	0xacacacac 0xacacacac 0xacacacac 0xacacacac 	................
	0xacacacac 0xacacacac 0xacacacac 0xacacacac 	................
	0xacacacac 0xacacacac 0xacacacac 0xacacacac 	................
	0xacacacac 0xacacacac 0xacacacac 0xacacacac 	................
	0xacacacac 0xacacacac 0xacacacac 0xacacacac 	................
	...
Leak: 0x10082b000  size=4096  zone: DefaultMallocZone_0x100005000	
	0xacacacac 0xacacacac 0xacacacac 0xacacacac 	................
	0xacacacac 0xacacacac 0xacacacac 0xacacacac 	................
	0xacacacac 0xacacacac 0xacacacac 0xacacacac 	................
	0xacacacac 0xacacacac 0xacacacac 0xacacacac 	................
	0xacacacac 0xacacacac 0xacacacac 0xacacacac 	................
	0xacacacac 0xacacacac 0xacacacac 0xacacacac 	................
	0xacacacac 0xacacacac 0xacacacac 0xacacacac 	................
	0xacacacac 0xacacacac 0xacacacac 0xacacacac 	................
	...
Leak: 0x10082c000  size=4096  zone: DefaultMallocZone_0x100005000	
	0xacacacac 0xacacacac 0xacacacac 0xacacacac 	................
	0xacacacac 0xacacacac 0xacacacac 0xacacacac 	................
	0xacacacac 0xacacacac 0xacacacac 0xacacacac 	................
	0xacacacac 0xacacacac 0xacacacac 0xacacacac 	................
	0xacacacac 0xacacacac 0xacacacac 0xacacacac 	................
	0xacacacac 0xacacacac 0xacacacac 0xacacacac 	................
	0xacacacac 0xacacacac 0xacacacac 0xacacacac 	................
	0xacacacac 0xacacacac 0xacacacac 0xacacacac 	................
	...
Leak: 0x10082d000  size=4096  zone: DefaultMallocZone_0x100005000	
	0xacacacac 0xacacacac 0xacacacac 0xacacacac 	................
	0xacacacac 0xacacacac 0xacacacac 0xacacacac 	................
	0xacacacac 0xacacacac 0xacacacac 0xacacacac 	................
	0xacacacac 0xacacacac 0xacacacac 0xacacacac 	................
	0xacacacac 0xacacacac 0xacacacac 0xacacacac 	................
	0xacacacac 0xacacacac 0xacacacac 0xacacacac 	................
	0xacacacac 0xacacacac 0xacacacac 0xacacacac 	................
	0xacacacac 0xacacacac 0xacacacac 0xacacacac 	................
	...
Leak: 0x10082e000  size=4096  zone: DefaultMallocZone_0x100005000	
	0xacacacac 0xacacacac 0xacacacac 0xacacacac 	................
	0xacacacac 0xacacacac 0xacacacac 0xacacacac 	................
	0xacacacac 0xacacacac 0xacacacac 0xacacacac 	................
	0xacacacac 0xacacacac 0xacacacac 0xacacacac 	................
	0xacacacac 0xacacacac 0xacacacac 0xacacacac 	................
	0xacacacac 0xacacacac 0xacacacac 0xacacacac 	................
	0xacacacac 0xacacacac 0xacacacac 0xacacacac 	................
	0xacacacac 0xacacacac 0xacacacac 0xacacacac 	................
	...
Leak: 0x10082f000  size=4096  zone: DefaultMallocZone_0x100005000	
	0xacacacac 0xacacacac 0xacacacac 0xacacacac 	................
	0xacacacac 0xacacacac 0xacacacac 0xacacacac 	................
	0xacacacac 0xacacacac 0xacacacac 0xacacacac 	................
	0xacacacac 0xacacacac 0xacacacac 0xacacacac 	................
	0xacacacac 0xacacacac 0xacacacac 0xacacacac 	................
	0xacacacac 0xacacacac 0xacacacac 0xacacacac 	................
	0xacacacac 0xacacacac 0xacacacac 0xacacacac 	................
	0xacacacac 0xacacacac 0xacacacac 0xacacacac 	................
	...
